<?xml version="1.0" encoding="UTF-8"?>
<!-- Generated by org.testng.reporters.JUnitReportReporter -->
<testsuite skipped="0" hostname="AA-PC" name="p1.Class1" tests="3" failures="0" timestamp="2019-12-18T10:16:54 IST" time="0.019" errors="0">
  <testcase name="login" time="0.012" classname="p1.Class1"/>
  <testcase name="tc001" time="0.005" classname="p1.Class1"/>
  <testcase name="tc002" time="0.002" classname="p1.Class1"/>
</testsuite> <!-- p1.Class1 -->
