<?xml version="1.0" encoding="UTF-8"?>
<!-- Generated by org.testng.reporters.JUnitReportReporter -->
<testsuite skipped="0" hostname="AA-PC" name="p2.Class2" tests="3" failures="0" timestamp="2019-12-18T10:16:54 IST" time="0.009" errors="0">
  <testcase name="reg" time="0.002" classname="p2.Class2"/>
  <testcase name="tc003" time="0.004" classname="p2.Class2"/>
  <testcase name="tc004" time="0.003" classname="p2.Class2"/>
</testsuite> <!-- p2.Class2 -->
